
/home/runner/work/exp-crank-slotted-mechanism-nitk/exp-crank-slotted-mechanism-nitk/experiment/simulation/js/MOMscript.js
   22:10  warning  'point' is defined but never used       no-unused-vars
   30:10  warning  'pointtrans' is defined but never used  no-unused-vars
   38:10  warning  'pointdisp' is defined but never used   no-unused-vars
   88:10  warning  'pointdist' is defined but never used   no-unused-vars
   94:10  warning  'pointjoin' is defined but never used   no-unused-vars
  109:10  warning  'pointtrace' is defined but never used  no-unused-vars
  127:10  warning  'deg' is defined but never used         no-unused-vars
  137:10  warning  'drawrect' is defined but never used    no-unused-vars
  157:10  warning  'drawArrow' is defined but never used   no-unused-vars
  173:10  warning  'signof' is defined but never used      no-unused-vars
  179:10  warning  'roundd' is defined but never used      no-unused-vars
  185:10  warning  'plotgraph' is defined but never used   no-unused-vars
  195:1   warning  'i' is not defined                      no-undef
  197:7   warning  'i' is not defined                      no-undef
  199:20  warning  'i' is not defined                      no-undef
  199:27  warning  'i' is not defined                      no-undef
  200:2   warning  'i' is not defined                      no-undef
  201:6   warning  'i' is not defined                      no-undef
  204:3   warning  'i' is not defined                      no-undef
  204:5   warning  'i' is not defined                      no-undef

/home/runner/work/exp-crank-slotted-mechanism-nitk/exp-crank-slotted-mechanism-nitk/experiment/simulation/js/dpi.js
  39:5  error  Parsing error: Identifier 'canvas' has already been declared

/home/runner/work/exp-crank-slotted-mechanism-nitk/exp-crank-slotted-mechanism-nitk/experiment/simulation/js/jquery-3.6.0.js
     17:44  warning  'module' is not defined                                                    no-undef
     25:5   warning  'module' is not defined                                                    no-undef
    142:13  warning  'Symbol' is already defined as a built-in global variable                  no-redeclare
    717:22  warning  Unexpected control character(s) in regular expression: \x1f, \x1f          no-control-regex
    779:50  warning  Empty block statement                                                      no-empty
   2185:38  warning  Do not access Object.prototype method 'hasOwnProperty' from target object  no-prototype-builtins
   3205:16  warning  Unnecessary escape character: \/                                           no-useless-escape
   3507:52  warning  Empty block statement                                                      no-empty
   4584:21  warning  Empty block statement                                                      no-empty
   5051:28  warning  Unnecessary escape character: \/                                           no-useless-escape
   5268:19  warning  Empty block statement                                                      no-empty
   6564:25  warning  Empty block statement                                                      no-empty
   9171:17  warning  Empty block statement                                                      no-empty
   9819:28  warning  'urlAnchor.href' is assigned to itself                                     no-self-assign
  10269:17  warning  Empty block statement                                                      no-empty
  11162:39  warning  'define' is not defined                                                    no-undef
  11163:5   warning  'define' is not defined                                                    no-undef

/home/runner/work/exp-crank-slotted-mechanism-nitk/exp-crank-slotted-mechanism-nitk/experiment/simulation/js/jquery-ui.js
      9:39  warning  'define' is not defined                                      no-undef
     11:5   warning  'define' is not defined                                      no-undef
     14:13  warning  'jQuery' is not defined                                      no-undef
     21:7   warning  'version' is assigned a value but never used                 no-unused-vars
    797:7   warning  'widget' is assigned a value but never used                  no-unused-vars
    822:19  warning  Unnecessary escape character: \+                             no-useless-escape
    822:21  warning  Unnecessary escape character: \-                             no-useless-escape
   1365:7   warning  'position' is assigned a value but never used                no-unused-vars
   1381:7   warning  'data' is assigned a value but never used                    no-unused-vars
   1410:7   warning  'disableSelection' is assigned a value but never used        no-unused-vars
   1452:23  warning  Unnecessary escape character: \-                             no-useless-escape
   1462:39  warning  Unnecessary escape character: \%                             no-useless-escape
   1462:63  warning  Unnecessary escape character: \%                             no-useless-escape
   1462:87  warning  Unnecessary escape character: \%                             no-useless-escape
   1499:61  warning  Unnecessary escape character: \%                             no-useless-escape
   1499:85  warning  Unnecessary escape character: \%                             no-useless-escape
   2078:29  warning  Empty block statement                                        no-empty
   3120:63  warning  Empty block statement                                        no-empty
   3156:7   warning  'effectsEffectBlind' is assigned a value but never used      no-unused-vars
   3217:7   warning  'effectsEffectBounce' is assigned a value but never used     no-unused-vars
   3309:7   warning  'effectsEffectClip' is assigned a value but never used       no-unused-vars
   3360:7   warning  'effectsEffectDrop' is assigned a value but never used       no-unused-vars
   3418:7   warning  'effectsEffectExplode' is assigned a value but never used    no-unused-vars
   3523:7   warning  'effectsEffectFade' is assigned a value but never used       no-unused-vars
   3560:7   warning  'effectsEffectFold' is assigned a value but never used       no-unused-vars
   3639:7   warning  'effectsEffectHighlight' is assigned a value but never used  no-unused-vars
   3683:7   warning  'effectsEffectSize' is assigned a value but never used       no-unused-vars
   3884:7   warning  'effectsEffectScale' is assigned a value but never used      no-unused-vars
   3929:7   warning  'effectsEffectPuff' is assigned a value but never used       no-unused-vars
   3957:7   warning  'effectsEffectPulsate' is assigned a value but never used    no-unused-vars
   4007:7   warning  'effectsEffectShake' is assigned a value but never used      no-unused-vars
   4062:7   warning  'effectsEffectSlide' is assigned a value but never used      no-unused-vars
   4127:7   warning  'effect' is already defined                                  no-redeclare
   4133:7   warning  'effectsEffectTransfer' is assigned a value but never used   no-unused-vars
   4209:7   warning  'focusable' is assigned a value but never used               no-unused-vars
   4214:7   warning  'form' is assigned a value but never used                    no-unused-vars
   4234:7   warning  'formResetMixin' is assigned a value but never used          no-unused-vars
   4311:22  warning  Unexpected control character(s) in regular expression: \x1f  no-control-regex
   4369:7   warning  'keycode' is assigned a value but never used                 no-unused-vars
   4402:7   warning  'labels' is assigned a value but never used                  no-unused-vars
   4455:7   warning  'scrollParent' is assigned a value but never used            no-unused-vars
   4492:7   warning  'tabbable' is assigned a value but never used                no-unused-vars
   4516:7   warning  'uniqueId' is assigned a value but never used                no-unused-vars
   4558:7   warning  'widgetsAccordion' is assigned a value but never used        no-unused-vars
   5187:7   warning  'safeActiveElement' is assigned a value but never used       no-unused-vars
   5233:7   warning  'widgetsMenu' is assigned a value but never used             no-unused-vars
   5939:13  warning  Unnecessary escape character: \-                             no-useless-escape
   5939:15  warning  Unnecessary escape character: \[                             no-useless-escape
   5939:30  warning  Unnecessary escape character: \^                             no-useless-escape
   6581:30  warning  Unnecessary escape character: \-                             no-useless-escape
   6581:32  warning  Unnecessary escape character: \[                             no-useless-escape
   6581:47  warning  Unnecessary escape character: \^                             no-useless-escape
   6626:7   warning  'widgetsAutocomplete' is assigned a value but never used     no-unused-vars
   6648:7   warning  'widgetsControlgroup' is assigned a value but never used     no-unused-vars
   7239:7   warning  'widgetsCheckboxradio' is assigned a value but never used    no-unused-vars
   7686:7   warning  'widgetsButton' is assigned a value but never used           no-unused-vars
   7921:51  warning  Unnecessary escape character: \-                             no-useless-escape
   8620:23  warning  Empty block statement                                        no-empty
   9326:18  warning  Unexpected constant condition                                no-constant-condition
   9623:27  warning  Unnecessary escape character: \-                             no-useless-escape
  10293:40  warning  Unnecessary escape character: \-                             no-useless-escape
  10295:32  warning  Unnecessary escape character: \-                             no-useless-escape
  10435:35  warning  Unnecessary escape character: \-                             no-useless-escape
  10438:35  warning  Unnecessary escape character: \-                             no-useless-escape
  10603:7   warning  'widgetsDatepicker' is assigned a value but never used       no-unused-vars
  10606:7   warning  'ie' is assigned a value but never used                      no-unused-vars
  10627:7   warning  'widgetsMouse' is assigned a value but never used            no-unused-vars
  10835:7   warning  'plugin' is assigned a value but never used                  no-unused-vars
  10868:7   warning  'safeBlur' is assigned a value but never used                no-unused-vars
  12169:7   warning  'widgetsDraggable' is assigned a value but never used        no-unused-vars
  13428:7   warning  'widgetsResizable' is assigned a value but never used        no-unused-vars
  14383:7   warning  'widgetsDialog' is assigned a value but never used           no-unused-vars
  14902:7   warning  'widgetsDroppable' is assigned a value but never used        no-unused-vars
  14924:7   warning  'widgetsProgressbar' is assigned a value but never used      no-unused-vars
  15081:7   warning  'widgetsSelectable' is assigned a value but never used       no-unused-vars
  15399:7   warning  'widgetsSelectmenu' is assigned a value but never used       no-unused-vars
  16098:7   warning  'widgetsSlider' is assigned a value but never used           no-unused-vars
  16890:7   warning  'widgetsSortable' is assigned a value but never used         no-unused-vars
  17501:33  warning  Unnecessary escape character: \-                             no-useless-escape
  19078:15  warning  'Globalize' is not defined                                   no-undef
  19089:11  warning  'Globalize' is not defined                                   no-undef
  19209:7   warning  'widgetsSpinner' is assigned a value but never used          no-unused-vars
  19265:25  warning  Empty block statement                                        no-empty
  19268:25  warning  Empty block statement                                        no-empty
  19507:38  warning  Unnecessary escape character: \/                             no-useless-escape
  19507:47  warning  Unnecessary escape character: \[                             no-useless-escape
  19507:51  warning  Unnecessary escape character: \^                             no-useless-escape
  20132:7   warning  'widgetsTabs' is assigned a value but never used             no-unused-vars
  20643:7   warning  'widgetsTooltip' is assigned a value but never used          no-unused-vars

/home/runner/work/exp-crank-slotted-mechanism-nitk/exp-crank-slotted-mechanism-nitk/experiment/simulation/js/jquery.ui.touch-punch.js
  174:4  warning  'jQuery' is not defined  no-undef

/home/runner/work/exp-crank-slotted-mechanism-nitk/exp-crank-slotted-mechanism-nitk/experiment/simulation/js/jquery.ui.touch-punch.min.js
  81:4  warning  'jQuery' is not defined  no-undef

/home/runner/work/exp-crank-slotted-mechanism-nitk/exp-crank-slotted-mechanism-nitk/experiment/simulation/js/script.js
    7:5   warning  'commenttext' is assigned a value but never used  no-unused-vars
    8:5   warning  'commentloc' is assigned a value but never used   no-unused-vars
   10:17  warning  'point' is not defined                            no-undef
   11:13  warning  'point' is not defined                            no-undef
   12:13  warning  'point' is not defined                            no-undef
   13:13  warning  'point' is not defined                            no-undef
   14:13  warning  'point' is not defined                            no-undef
   15:13  warning  'point' is not defined                            no-undef
   16:5   warning  'e' is assigned a value but never used            no-unused-vars
   16:13  warning  'point' is not defined                            no-undef
   17:14  warning  'point' is not defined                            no-undef
   18:14  warning  'point' is not defined                            no-undef
   19:14  warning  'point' is not defined                            no-undef
   20:15  warning  'point' is not defined                            no-undef
   21:15  warning  'point' is not defined                            no-undef
   22:5   warning  've' is assigned a value but never used           no-unused-vars
   22:14  warning  'point' is not defined                            no-undef
   23:15  warning  'point' is not defined                            no-undef
   24:15  warning  'point' is not defined                            no-undef
   25:15  warning  'point' is not defined                            no-undef
   26:15  warning  'point' is not defined                            no-undef
   27:15  warning  'point' is not defined                            no-undef
   28:15  warning  'point' is not defined                            no-undef
   29:16  warning  'point' is not defined                            no-undef
   30:16  warning  'point' is not defined                            no-undef
   31:15  warning  'point' is not defined                            no-undef
   77:5   warning  'temp' is assigned a value but never used         no-unused-vars
   78:5   warning  'state1' is assigned a value but never used       no-unused-vars
   85:5   warning  'speed' is assigned a value but never used        no-unused-vars
   89:5   warning  'time' is assigned a value but never used         no-unused-vars
   91:5   warning  'ptx' is assigned a value but never used          no-unused-vars
   92:5   warning  'pty' is assigned a value but never used          no-unused-vars
  105:1   warning  '$' is not defined                                no-undef
  106:10  warning  'editcss' is defined but never used               no-unused-vars
  107:3   warning  '$' is not defined                                no-undef
  110:10  warning  'startsim' is defined but never used              no-unused-vars
  115:10  warning  'simstate' is defined but never used              no-unused-vars
  125:5   warning  '$' is not defined                                no-undef
  126:5   warning  'pauseTime' is not defined                        no-undef
  131:19  warning  'pauseTime' is not defined                        no-undef
  140:10  warning  'rotstate' is defined but never used              no-unused-vars
  156:10  warning  'varinit' is defined but never used               no-unused-vars
  159:3   warning  '$' is not defined                                no-undef
  160:3   warning  '$' is not defined                                no-undef
  161:3   warning  '$' is not defined                                no-undef
  162:3   warning  '$' is not defined                                no-undef
  163:3   warning  '$' is not defined                                no-undef
  164:3   warning  '$' is not defined                                no-undef
  165:3   warning  '$' is not defined                                no-undef
  166:3   warning  '$' is not defined                                no-undef
  169:3   warning  '$' is not defined                                no-undef
  170:3   warning  '$' is not defined                                no-undef
  178:3   warning  '$' is not defined                                no-undef
  181:3   warning  '$' is not defined                                no-undef
  183:3   warning  '$' is not defined                                no-undef
  184:3   warning  '$' is not defined                                no-undef
  185:3   warning  '$' is not defined                                no-undef
  186:3   warning  '$' is not defined                                no-undef
  189:3   warning  '$' is not defined                                no-undef
  190:5   warning  '$' is not defined                                no-undef
  194:3   warning  '$' is not defined                                no-undef
  195:5   warning  '$' is not defined                                no-undef
  199:3   warning  '$' is not defined                                no-undef
  203:3   warning  '$' is not defined                                no-undef
  204:5   warning  '$' is not defined                                no-undef
  208:3   warning  '$' is not defined                                no-undef
  209:5   warning  '$' is not defined                                no-undef
  213:3   warning  '$' is not defined                                no-undef
  216:3   warning  '$' is not defined                                no-undef
  217:5   warning  '$' is not defined                                no-undef
  221:3   warning  '$' is not defined                                no-undef
  222:5   warning  '$' is not defined                                no-undef
  226:3   warning  '$' is not defined                                no-undef
  231:3   warning  '$' is not defined                                no-undef
  234:3   warning  '$' is not defined                                no-undef
  242:3   warning  '$' is not defined                                no-undef
  243:5   warning  '$' is not defined                                no-undef
  245:3   warning  '$' is not defined                                no-undef
  246:5   warning  '$' is not defined                                no-undef
  248:3   warning  '$' is not defined                                no-undef
  253:3   warning  '$' is not defined                                no-undef
  254:3   warning  '$' is not defined                                no-undef
  257:3   warning  '$' is not defined                                no-undef
  258:5   warning  '$' is not defined                                no-undef
  262:3   warning  '$' is not defined                                no-undef
  263:5   warning  '$' is not defined                                no-undef
  267:3   warning  '$' is not defined                                no-undef
  275:3   warning  '$' is not defined                                no-undef
  275:34  warning  '$' is not defined                                no-undef
  276:3   warning  '$' is not defined                                no-undef
  276:39  warning  '$' is not defined                                no-undef
  277:3   warning  '$' is not defined                                no-undef
  277:35  warning  '$' is not defined                                no-undef
  278:3   warning  '$' is not defined                                no-undef
  278:37  warning  '$' is not defined                                no-undef
  279:3   warning  '$' is not defined                                no-undef
  279:38  warning  '$' is not defined                                no-undef
  282:8   warning  '$' is not defined                                no-undef
  283:8   warning  '$' is not defined                                no-undef
  284:8   warning  '$' is not defined                                no-undef
  291:5   warning  '$' is not defined                                no-undef
  292:5   warning  '$' is not defined                                no-undef
  293:5   warning  '$' is not defined                                no-undef
  295:26  warning  '$' is not defined                                no-undef
  296:23  warning  'deg' is not defined                              no-undef
  304:5   warning  '$' is not defined                                no-undef
  305:5   warning  '$' is not defined                                no-undef
  306:5   warning  '$' is not defined                                no-undef
  307:5   warning  '$' is not defined                                no-undef
  308:11  warning  '$' is not defined                                no-undef
  309:26  warning  '$' is not defined                                no-undef
  317:39  warning  'rad' is not defined                              no-undef
  318:39  warning  'rad' is not defined                              no-undef
  323:9   warning  'deg' is not defined                              no-undef
  325:39  warning  'rad' is not defined                              no-undef
  326:39  warning  'rad' is not defined                              no-undef
  328:9   warning  'deg' is not defined                              no-undef
  330:39  warning  'rad' is not defined                              no-undef
  336:30  warning  'rad' is not defined                              no-undef
  340:35  warning  'rad' is not defined                              no-undef
  340:56  warning  'rad' is not defined                              no-undef
  345:22  warning  'rad' is not defined                              no-undef
  345:57  warning  'rad' is not defined                              no-undef
  346:19  warning  'rad' is not defined                              no-undef
  351:36  warning  'rad' is not defined                              no-undef
  351:64  warning  'rad' is not defined                              no-undef
  353:32  warning  'rad' is not defined                              no-undef
  353:67  warning  'rad' is not defined                              no-undef
  365:49  warning  'rad' is not defined                              no-undef
  366:49  warning  'rad' is not defined                              no-undef
  368:49  warning  'rad' is not defined                              no-undef
  369:49  warning  'rad' is not defined                              no-undef
  374:51  warning  'rad' is not defined                              no-undef
  375:51  warning  'rad' is not defined                              no-undef
  376:51  warning  'rad' is not defined                              no-undef
  377:51  warning  'rad' is not defined                              no-undef
  386:23  warning  'rad' is not defined                              no-undef
  387:36  warning  'rad' is not defined                              no-undef
  388:38  warning  'rad' is not defined                              no-undef
  389:39  warning  'rad' is not defined                              no-undef
  390:19  warning  'rad' is not defined                              no-undef
  397:28  warning  'rad' is not defined                              no-undef
  398:39  warning  'rad' is not defined                              no-undef
  399:39  warning  'rad' is not defined                              no-undef
  400:20  warning  'rad' is not defined                              no-undef
  402:28  warning  'rad' is not defined                              no-undef
  403:37  warning  'rad' is not defined                              no-undef
  404:27  warning  'rad' is not defined                              no-undef
  405:37  warning  'rad' is not defined                              no-undef
  420:51  warning  'rad' is not defined                              no-undef
  421:51  warning  'rad' is not defined                              no-undef
  423:51  warning  'rad' is not defined                              no-undef
  424:51  warning  'rad' is not defined                              no-undef
  426:51  warning  'rad' is not defined                              no-undef
  427:51  warning  'rad' is not defined                              no-undef
  429:51  warning  'rad' is not defined                              no-undef
  430:51  warning  'rad' is not defined                              no-undef
  432:51  warning  'rad' is not defined                              no-undef
  433:51  warning  'rad' is not defined                              no-undef
  435:53  warning  'rad' is not defined                              no-undef
  436:53  warning  'rad' is not defined                              no-undef
  438:53  warning  'rad' is not defined                              no-undef
  439:53  warning  'rad' is not defined                              no-undef
  441:51  warning  'rad' is not defined                              no-undef
  444:5   warning  '$' is not defined                                no-undef
  445:5   warning  '$' is not defined                                no-undef
  446:5   warning  '$' is not defined                                no-undef
  447:5   warning  '$' is not defined                                no-undef
  448:5   warning  '$' is not defined                                no-undef
  449:5   warning  '$' is not defined                                no-undef
  450:5   warning  '$' is not defined                                no-undef
  451:5   warning  '$' is not defined                                no-undef
  452:5   warning  '$' is not defined                                no-undef
  453:5   warning  '$' is not defined                                no-undef
  454:5   warning  '$' is not defined                                no-undef
  455:5   warning  '$' is not defined                                no-undef
  468:7   warning  'pointtrans' is not defined                       no-undef
  469:7   warning  'pointtrans' is not defined                       no-undef
  470:7   warning  'pointtrans' is not defined                       no-undef
  471:7   warning  'pointtrans' is not defined                       no-undef
  472:7   warning  'pointtrans' is not defined                       no-undef
  474:3   warning  'pointjoin' is not defined                        no-undef
  475:3   warning  'pointjoin' is not defined                        no-undef
  476:3   warning  'pointjoin' is not defined                        no-undef
  478:3   warning  'pointdisp' is not defined                        no-undef
  479:3   warning  'pointdisp' is not defined                        no-undef
  480:3   warning  'pointdisp' is not defined                        no-undef
  481:3   warning  'pointdisp' is not defined                        no-undef
  482:3   warning  'pointdisp' is not defined                        no-undef
  497:8   warning  'pointtrans' is not defined                       no-undef
  498:8   warning  'pointtrans' is not defined                       no-undef
  499:8   warning  'pointtrans' is not defined                       no-undef
  500:9   warning  'pointtrans' is not defined                       no-undef
  501:9   warning  'pointtrans' is not defined                       no-undef
  520:3   warning  'pointjoin' is not defined                        no-undef
  521:3   warning  'drawArrow' is not defined                        no-undef
  531:3   warning  'pointjoin' is not defined                        no-undef
  532:3   warning  'drawArrow' is not defined                        no-undef
  536:17  warning  'signof' is not defined                           no-undef
  542:3   warning  'pointjoin' is not defined                        no-undef
  543:3   warning  'drawArrow' is not defined                        no-undef
  545:3   warning  'pointjoin' is not defined                        no-undef
  546:3   warning  'drawArrow' is not defined                        no-undef
  548:3   warning  'pointjoin' is not defined                        no-undef
  549:3   warning  'drawArrow' is not defined                        no-undef
  556:3   warning  'pointdisp' is not defined                        no-undef
  557:3   warning  'pointdisp' is not defined                        no-undef
  558:3   warning  'pointdisp' is not defined                        no-undef
  559:3   warning  'pointdisp' is not defined                        no-undef
  560:3   warning  'pointdisp' is not defined                        no-undef
  603:9   warning  'pointtrans' is not defined                       no-undef
  604:9   warning  'pointtrans' is not defined                       no-undef
  605:9   warning  'pointtrans' is not defined                       no-undef
  606:9   warning  'pointtrans' is not defined                       no-undef
  607:9   warning  'pointtrans' is not defined                       no-undef
  608:9   warning  'pointtrans' is not defined                       no-undef
  609:10  warning  'pointtrans' is not defined                       no-undef
  610:10  warning  'pointtrans' is not defined                       no-undef
  611:9   warning  'pointtrans' is not defined                       no-undef
  612:3   warning  'angae' is not defined                            no-undef
  612:11  warning  'deg' is not defined                              no-undef
  636:3   warning  'pointjoin' is not defined                        no-undef
  637:3   warning  'drawArrow' is not defined                        no-undef
  639:3   warning  'pointjoin' is not defined                        no-undef
  640:3   warning  'drawArrow' is not defined                        no-undef
  642:3   warning  'pointjoin' is not defined                        no-undef
  643:3   warning  'drawArrow' is not defined                        no-undef
  645:3   warning  'pointjoin' is not defined                        no-undef
  646:3   warning  'drawArrow' is not defined                        no-undef
  648:3   warning  'pointjoin' is not defined                        no-undef
  649:3   warning  'drawArrow' is not defined                        no-undef
  651:3   warning  'pointjoin' is not defined                        no-undef
  652:3   warning  'drawArrow' is not defined                        no-undef
  654:3   warning  'pointjoin' is not defined                        no-undef
  655:3   warning  'drawArrow' is not defined                        no-undef
  657:3   warning  'pointjoin' is not defined                        no-undef
  658:3   warning  'drawArrow' is not defined                        no-undef
  664:3   warning  'pointdisp' is not defined                        no-undef
  665:3   warning  'pointdisp' is not defined                        no-undef
  666:3   warning  'pointdisp' is not defined                        no-undef
  667:3   warning  'pointdisp' is not defined                        no-undef
  668:3   warning  'pointdisp' is not defined                        no-undef
  669:3   warning  'pointdisp' is not defined                        no-undef
  670:3   warning  'pointdisp' is not defined                        no-undef
  671:3   warning  'pointdisp' is not defined                        no-undef
  761:10  warning  'next' is defined but never used                  no-unused-vars
  765:5   warning  '$' is not defined                                no-undef
  767:5   warning  '$' is not defined                                no-undef
  775:10  warning  'prev' is defined but never used                  no-unused-vars
  780:5   warning  '$' is not defined                                no-undef
  782:5   warning  '$' is not defined                                no-undef
  792:3   warning  '$' is not defined                                no-undef
  793:3   warning  '$' is not defined                                no-undef
  794:3   warning  '$' is not defined                                no-undef
  795:3   warning  '$' is not defined                                no-undef
  798:19  warning  'f' is defined but never used                     no-unused-vars
  804:3   warning  '$' is not defined                                no-undef
  805:3   warning  '$' is not defined                                no-undef
  806:3   warning  '$' is not defined                                no-undef
  807:3   warning  '$' is not defined                                no-undef
  808:3   warning  '$' is not defined                                no-undef
  809:3   warning  '$' is not defined                                no-undef
  810:3   warning  '$' is not defined                                no-undef
  811:3   warning  '$' is not defined                                no-undef
  812:3   warning  '$' is not defined                                no-undef
  813:3   warning  '$' is not defined                                no-undef
  814:3   warning  '$' is not defined                                no-undef
  815:3   warning  '$' is not defined                                no-undef
  816:3   warning  '$' is not defined                                no-undef
  817:3   warning  '$' is not defined                                no-undef
  818:3   warning  '$' is not defined                                no-undef
  819:3   warning  '$' is not defined                                no-undef
  820:3   warning  '$' is not defined                                no-undef
  836:23  warning  'f' is defined but never used                     no-unused-vars
  843:3   warning  '$' is not defined                                no-undef
  844:3   warning  '$' is not defined                                no-undef
  845:3   warning  '$' is not defined                                no-undef
  846:3   warning  '$' is not defined                                no-undef
  847:3   warning  '$' is not defined                                no-undef
  848:3   warning  '$' is not defined                                no-undef
  849:3   warning  '$' is not defined                                no-undef
  850:3   warning  '$' is not defined                                no-undef
  851:3   warning  '$' is not defined                                no-undef
  852:3   warning  '$' is not defined                                no-undef
  853:3   warning  '$' is not defined                                no-undef
  854:3   warning  '$' is not defined                                no-undef
  855:3   warning  '$' is not defined                                no-undef
  856:3   warning  '$' is not defined                                no-undef
  857:3   warning  '$' is not defined                                no-undef
  858:3   warning  '$' is not defined                                no-undef
  859:3   warning  '$' is not defined                                no-undef

✖ 420 problems (1 error, 419 warnings)

